Build started 5/31/2016 16:20:16.
     1>Project "C:\Users\Luna\Programming Projects\IGMTutorial\Graphics\Shaders\Subroutines\Subroutine\Subroutine.vcxproj" on node 2 (Build target(s)).
     1>C:\Program Files (x86)\MSBuild\Microsoft.Cpp\v4.0\V120\Microsoft.CppBuild.targets(388,5): warning MSB8028: The intermediate directory (Debug\) contains files shared from another project (Base.vcxproj).  This can lead to incorrect clean and rebuild behavior.
     1>ClCompile:
         C:\Program Files (x86)\Microsoft Visual Studio 12.0\VC\bin\CL.exe /c /I"C:\Users\Luna\Programming Projects\IGMTutorial\Graphics\Shaders\Subroutines\Subroutine\\include" /ZI /nologo /W3 /WX- /sdl /Od /Oy- /D _MBCS /Gm /EHsc /RTC1 /MDd /GS /fp:precise /Zc:wchar_t /Zc:forScope /Fo"Debug\\" /Fd"Debug\vc120.pdb" /Gd /TP /analyze- /errorReport:prompt main.cpp
         main.cpp
     1>c:\users\luna\programming projects\igmtutorial\graphics\shaders\subroutines\subroutine\main.cpp(153): warning C4244: '=' : conversion from 'double' to 'float', possible loss of data
     1>c:\users\luna\programming projects\igmtutorial\graphics\shaders\subroutines\subroutine\main.cpp(154): warning C4244: '=' : conversion from 'double' to 'float', possible loss of data
     1>c:\users\luna\programming projects\igmtutorial\graphics\shaders\subroutines\subroutine\main.cpp(155): warning C4244: '=' : conversion from 'double' to 'float', possible loss of data
     1>c:\users\luna\programming projects\igmtutorial\graphics\shaders\subroutines\subroutine\main.cpp(162): warning C4244: '=' : conversion from 'double' to 'float', possible loss of data
     1>c:\users\luna\programming projects\igmtutorial\graphics\shaders\subroutines\subroutine\main.cpp(163): warning C4244: '=' : conversion from 'double' to 'float', possible loss of data
     1>c:\users\luna\programming projects\igmtutorial\graphics\shaders\subroutines\subroutine\main.cpp(164): warning C4244: '=' : conversion from 'double' to 'float', possible loss of data
     1>c:\users\luna\programming projects\igmtutorial\graphics\shaders\subroutines\subroutine\main.cpp(171): warning C4244: '=' : conversion from 'double' to 'float', possible loss of data
     1>c:\users\luna\programming projects\igmtutorial\graphics\shaders\subroutines\subroutine\main.cpp(172): warning C4244: '=' : conversion from 'double' to 'float', possible loss of data
     1>c:\users\luna\programming projects\igmtutorial\graphics\shaders\subroutines\subroutine\main.cpp(173): warning C4244: '=' : conversion from 'double' to 'float', possible loss of data
     1>c:\users\luna\programming projects\igmtutorial\graphics\shaders\subroutines\subroutine\main.cpp(180): warning C4244: '=' : conversion from 'double' to 'float', possible loss of data
     1>c:\users\luna\programming projects\igmtutorial\graphics\shaders\subroutines\subroutine\main.cpp(181): warning C4244: '=' : conversion from 'double' to 'float', possible loss of data
     1>c:\users\luna\programming projects\igmtutorial\graphics\shaders\subroutines\subroutine\main.cpp(182): warning C4244: '=' : conversion from 'double' to 'float', possible loss of data
       Link:
         C:\Program Files (x86)\Microsoft Visual Studio 12.0\VC\bin\link.exe /ERRORREPORT:PROMPT /OUT:"C:\Users\Luna\Programming Projects\IGMTutorial\Graphics\Shaders\Subroutines\Debug\Subroutine.exe" /INCREMENTAL /NOLOGO /LIBPATH:"C:\Users\Luna\Programming Projects\IGMTutorial\Graphics\Shaders\Subroutines\Subroutine\\lib" opengl32.lib glew32.lib glfw3.lib kernel32.lib user32.lib gdi32.lib winspool.lib comdlg32.lib advapi32.lib shell32.lib ole32.lib oleaut32.lib uuid.lib odbc32.lib odbccp32.lib /MANIFEST /MANIFESTUAC:"level='asInvoker' uiAccess='false'" /manifest:embed /DEBUG /PDB:"C:\Users\Luna\Programming Projects\IGMTutorial\Graphics\Shaders\Subroutines\Debug\Subroutine.pdb" /TLBID:1 /DYNAMICBASE /NXCOMPAT /IMPLIB:"C:\Users\Luna\Programming Projects\IGMTutorial\Graphics\Shaders\Subroutines\Debug\Subroutine.lib" /MACHINE:X86 Debug\main.obj
     1>LINK : warning LNK4098: defaultlib 'MSVCRT' conflicts with use of other libs; use /NODEFAULTLIB:library
         Subroutine.vcxproj -> C:\Users\Luna\Programming Projects\IGMTutorial\Graphics\Shaders\Subroutines\Debug\Subroutine.exe
     1>Done Building Project "C:\Users\Luna\Programming Projects\IGMTutorial\Graphics\Shaders\Subroutines\Subroutine\Subroutine.vcxproj" (Build target(s)).

Build succeeded.

Time Elapsed 00:00:01.73
